# JRE version: Java(TM) SE Runtime Environment (7.0_51-b13) (build 1.7.0_51-b13)
# Java VM: Java HotSpot(TM) 64-Bit Server VM (24.51-b03 mixed mode bsd-amd64 compressed oops)
Heap
 PSYoungGen      total 132096K, used 67314K [0x00000007f0000000, 0x00000007fa280000, 0x0000000800000000)
  eden space 118272K, 45% used [0x00000007f0000000,0x00000007f343f628,0x00000007f7380000)
  from space 13824K, 99% used [0x00000007f7700000,0x00000007f847d4a0,0x00000007f8480000)
  to   space 24064K, 0% used [0x00000007f8b00000,0x00000007f8b00000,0x00000007fa280000)
 ParOldGen       total 138240K, used 120877K [0x00000007d0000000, 0x00000007d8700000, 0x00000007f0000000)
  object space 138240K, 87% used [0x00000007d0000000,0x00000007d760b7e8,0x00000007d8700000)
 PSPermGen       total 97280K, used 74617K [0x00000007c0000000, 0x00000007c5f00000, 0x00000007d0000000)
  object space 97280K, 76% used [0x00000007c0000000,0x00000007c48de720,0x00000007c5f00000)
GC Heap History (10 events):
Event: 711.210 GC heap before
{Heap before GC invocations=82 (full 3):
 PSYoungGen      total 156672K, used 152171K [0x00000007f0000000, 0x00000007fbc80000, 0x0000000800000000)
  eden space 137728K, 100% used [0x00000007f0000000,0x00000007f8680000,0x00000007f8680000)
  from space 18944K, 76% used [0x00000007faa00000,0x00000007fb81ad50,0x00000007fbc80000)
  to   space 27648K, 0% used [0x00000007f8680000,0x00000007f8680000,0x00000007fa180000)
 ParOldGen       total 138240K, used 117915K [0x00000007d0000000, 0x00000007d8700000, 0x00000007f0000000)
  object space 138240K, 85% used [0x00000007d0000000,0x00000007d7326ef8,0x00000007d8700000)
 PSPermGen       total 97280K, used 74378K [0x00000007c0000000, 0x00000007c5f00000, 0x00000007d0000000)
  object space 97280K, 76% used [0x00000007c0000000,0x00000007c48a28d8,0x00000007c5f00000)
Event: 711.221 GC heap after
Heap after GC invocations=82 (full 3):
 PSYoungGen      total 148992K, used 15267K [0x00000007f0000000, 0x00000007fb680000, 0x0000000800000000)
  eden space 133632K, 0% used [0x00000007f0000000,0x00000007f0000000,0x00000007f8280000)
  from space 15360K, 99% used [0x00000007f8680000,0x00000007f9568e10,0x00000007f9580000)
  to   space 26624K, 0% used [0x00000007f9c80000,0x00000007f9c80000,0x00000007fb680000)
 ParOldGen       total 138240K, used 118307K [0x00000007d0000000, 0x00000007d8700000, 0x00000007f0000000)
  object space 138240K, 85% used [0x00000007d0000000,0x00000007d7388f38,0x00000007d8700000)
 PSPermGen       total 97280K, used 74378K [0x00000007c0000000, 0x00000007c5f00000, 0x00000007d0000000)
  object space 97280K, 76% used [0x00000007c0000000,0x00000007c48a28d8,0x00000007c5f00000)
}
Event: 738.705 GC heap before
{Heap before GC invocations=83 (full 3):
 PSYoungGen      total 148992K, used 148899K [0x00000007f0000000, 0x00000007fb680000, 0x0000000800000000)
  eden space 133632K, 100% used [0x00000007f0000000,0x00000007f8280000,0x00000007f8280000)
  from space 15360K, 99% used [0x00000007f8680000,0x00000007f9568e10,0x00000007f9580000)
  to   space 26624K, 0% used [0x00000007f9c80000,0x00000007f9c80000,0x00000007fb680000)
 ParOldGen       total 138240K, used 118307K [0x00000007d0000000, 0x00000007d8700000, 0x00000007f0000000)
  object space 138240K, 85% used [0x00000007d0000000,0x00000007d7388f38,0x00000007d8700000)
 PSPermGen       total 97280K, used 74408K [0x00000007c0000000, 0x00000007c5f00000, 0x00000007d0000000)
  object space 97280K, 76% used [0x00000007c0000000,0x00000007c48aa050,0x00000007c5f00000)
Event: 738.718 GC heap after
Heap after GC invocations=83 (full 3):
 PSYoungGen      total 151040K, used 13856K [0x00000007f0000000, 0x00000007fb180000, 0x0000000800000000)
  eden space 129536K, 0% used [0x00000007f0000000,0x00000007f0000000,0x00000007f7e80000)
  from space 21504K, 64% used [0x00000007f9c80000,0x00000007faa08230,0x00000007fb180000)
  to   space 26112K, 0% used [0x00000007f7e80000,0x00000007f7e80000,0x00000007f9800000)
 ParOldGen       total 138240K, used 118867K [0x00000007d0000000, 0x00000007d8700000, 0x00000007f0000000)
  object space 138240K, 85% used [0x00000007d0000000,0x00000007d7414f78,0x00000007d8700000)
 PSPermGen       total 97280K, used 74408K [0x00000007c0000000, 0x00000007c5f00000, 0x00000007d0000000)
  object space 97280K, 76% used [0x00000007c0000000,0x00000007c48aa050,0x00000007c5f00000)
}
Event: 741.380 GC heap before
{Heap before GC invocations=84 (full 3):
 PSYoungGen      total 151040K, used 143392K [0x00000007f0000000, 0x00000007fb180000, 0x0000000800000000)
  eden space 129536K, 100% used [0x00000007f0000000,0x00000007f7e80000,0x00000007f7e80000)
  from space 21504K, 64% used [0x00000007f9c80000,0x00000007faa08230,0x00000007fb180000)
  to   space 26112K, 0% used [0x00000007f7e80000,0x00000007f7e80000,0x00000007f9800000)
 ParOldGen       total 138240K, used 118867K [0x00000007d0000000, 0x00000007d8700000, 0x00000007f0000000)
  object space 138240K, 85% used [0x00000007d0000000,0x00000007d7414f78,0x00000007d8700000)
 PSPermGen       total 97280K, used 74447K [0x00000007c0000000, 0x00000007c5f00000, 0x00000007d0000000)
  object space 97280K, 76% used [0x00000007c0000000,0x00000007c48b3ed8,0x00000007c5f00000)
Event: 741.390 GC heap after
Heap after GC invocations=84 (full 3):
 PSYoungGen      total 140800K, used 15222K [0x00000007f0000000, 0x00000007fab80000, 0x0000000800000000)
  eden space 125440K, 0% used [0x00000007f0000000,0x00000007f0000000,0x00000007f7a80000)
  from space 15360K, 99% used [0x00000007f7e80000,0x00000007f8d5dbc8,0x00000007f8d80000)
  to   space 25088K, 0% used [0x00000007f9300000,0x00000007f9300000,0x00000007fab80000)
 ParOldGen       total 138240K, used 119365K [0x00000007d0000000, 0x00000007d8700000, 0x00000007f0000000)
  object space 138240K, 86% used [0x00000007d0000000,0x00000007d7491470,0x00000007d8700000)
 PSPermGen       total 97280K, used 74447K [0x00000007c0000000, 0x00000007c5f00000, 0x00000007d0000000)
  object space 97280K, 76% used [0x00000007c0000000,0x00000007c48b3ed8,0x00000007c5f00000)
}
Event: 745.714 GC heap before
{Heap before GC invocations=85 (full 3):
 PSYoungGen      total 140800K, used 140662K [0x00000007f0000000, 0x00000007fab80000, 0x0000000800000000)
  eden space 125440K, 100% used [0x00000007f0000000,0x00000007f7a80000,0x00000007f7a80000)
  from space 15360K, 99% used [0x00000007f7e80000,0x00000007f8d5dbc8,0x00000007f8d80000)
  to   space 25088K, 0% used [0x00000007f9300000,0x00000007f9300000,0x00000007fab80000)
 ParOldGen       total 138240K, used 119365K [0x00000007d0000000, 0x00000007d8700000, 0x00000007f0000000)
  object space 138240K, 86% used [0x00000007d0000000,0x00000007d7491470,0x00000007d8700000)
 PSPermGen       total 97280K, used 74505K [0x00000007c0000000, 0x00000007c5f00000, 0x00000007d0000000)
  object space 97280K, 76% used [0x00000007c0000000,0x00000007c48c26e0,0x00000007c5f00000)
Event: 745.724 GC heap after
Heap after GC invocations=85 (full 3):
 PSYoungGen      total 142336K, used 13334K [0x00000007f0000000, 0x00000007fa700000, 0x0000000800000000)
  eden space 121856K, 0% used [0x00000007f0000000,0x00000007f0000000,0x00000007f7700000)
  from space 20480K, 65% used [0x00000007f9300000,0x00000007fa005aa8,0x00000007fa700000)
  to   space 24576K, 0% used [0x00000007f7700000,0x00000007f7700000,0x00000007f8f00000)
 ParOldGen       total 138240K, used 119885K [0x00000007d0000000, 0x00000007d8700000, 0x00000007f0000000)
  object space 138240K, 86% used [0x00000007d0000000,0x00000007d7513788,0x00000007d8700000)
 PSPermGen       total 97280K, used 74505K [0x00000007c0000000, 0x00000007c5f00000, 0x00000007d0000000)
  object space 97280K, 76% used [0x00000007c0000000,0x00000007c48c26e0,0x00000007c5f00000)
}
Event: 802.010 GC heap before
{Heap before GC invocations=86 (full 3):
 PSYoungGen      total 142336K, used 135190K [0x00000007f0000000, 0x00000007fa700000, 0x0000000800000000)
  eden space 121856K, 100% used [0x00000007f0000000,0x00000007f7700000,0x00000007f7700000)
  from space 20480K, 65% used [0x00000007f9300000,0x00000007fa005aa8,0x00000007fa700000)
  to   space 24576K, 0% used [0x00000007f7700000,0x00000007f7700000,0x00000007f8f00000)
 ParOldGen       total 138240K, used 119885K [0x00000007d0000000, 0x00000007d8700000, 0x00000007f0000000)
  object space 138240K, 86% used [0x00000007d0000000,0x00000007d7513788,0x00000007d8700000)
 PSPermGen       total 97280K, used 74555K [0x00000007c0000000, 0x00000007c5f00000, 0x00000007d0000000)
  object space 97280K, 76% used [0x00000007c0000000,0x00000007c48ced68,0x00000007c5f00000)
Event: 802.023 GC heap after
Heap after GC invocations=86 (full 3):
 PSYoungGen      total 132096K, used 13813K [0x00000007f0000000, 0x00000007fa280000, 0x0000000800000000)
  eden space 118272K, 0% used [0x00000007f0000000,0x00000007f0000000,0x00000007f7380000)
  from space 13824K, 99% used [0x00000007f7700000,0x00000007f847d4a0,0x00000007f8480000)
  to   space 24064K, 0% used [0x00000007f8b00000,0x00000007f8b00000,0x00000007fa280000)
 ParOldGen       total 138240K, used 120877K [0x00000007d0000000, 0x00000007d8700000, 0x00000007f0000000)
  object space 138240K, 87% used [0x00000007d0000000,0x00000007d760b7e8,0x00000007d8700000)
 PSPermGen       total 97280K, used 74555K [0x00000007c0000000, 0x00000007c5f00000, 0x00000007d0000000)
  object space 97280K, 76% used [0x00000007c0000000,0x00000007c48ced68,0x00000007c5f00000)
}

