# JRE version: Java(TM) SE Runtime Environment (7.0_51-b13) (build 1.7.0_51-b13)
# Java VM: Java HotSpot(TM) 64-Bit Server VM (24.51-b03 mixed mode bsd-amd64 compressed oops)
Heap
 PSYoungGen      total 248320K, used 95101K [0x00000007f0000000, 0x0000000800000000, 0x0000000800000000)
  eden space 233984K, 37% used [0x00000007f0000000,0x00000007f561ee88,0x00000007fe480000)
  from space 14336K, 48% used [0x00000007ff200000,0x00000007ff8c0780,0x0000000800000000)
  to   space 13824K, 0% used [0x00000007fe480000,0x00000007fe480000,0x00000007ff200000)
 ParOldGen       total 524288K, used 73333K [0x00000007d0000000, 0x00000007f0000000, 0x00000007f0000000)
  object space 524288K, 13% used [0x00000007d0000000,0x00000007d479d568,0x00000007f0000000)
 PSPermGen       total 262144K, used 46261K [0x00000007c0000000, 0x00000007d0000000, 0x00000007d0000000)
  object space 262144K, 17% used [0x00000007c0000000,0x00000007c2d2d6b8,0x00000007d0000000)
GC Heap History (10 events):
Event: 184.392 GC heap before
{Heap before GC invocations=20 (full 0):
 PSYoungGen      total 244736K, used 234337K [0x00000007f0000000, 0x0000000800000000, 0x0000000800000000)
  eden space 227840K, 100% used [0x00000007f0000000,0x00000007fde80000,0x00000007fde80000)
  from space 16896K, 38% used [0x00000007fde80000,0x00000007fe4d8460,0x00000007fef00000)
  to   space 16384K, 0% used [0x00000007ff000000,0x00000007ff000000,0x0000000800000000)
 ParOldGen       total 524288K, used 62566K [0x00000007d0000000, 0x00000007f0000000, 0x00000007f0000000)
  object space 524288K, 11% used [0x00000007d0000000,0x00000007d3d19858,0x00000007f0000000)
 PSPermGen       total 262144K, used 44016K [0x00000007c0000000, 0x00000007d0000000, 0x00000007d0000000)
  object space 262144K, 16% used [0x00000007c0000000,0x00000007c2afc0f8,0x00000007d0000000)
Event: 184.398 GC heap after
Heap after GC invocations=20 (full 0):
 PSYoungGen      total 246272K, used 6398K [0x00000007f0000000, 0x0000000800000000, 0x0000000800000000)
  eden space 229888K, 0% used [0x00000007f0000000,0x00000007f0000000,0x00000007fe080000)
  from space 16384K, 39% used [0x00000007ff000000,0x00000007ff63f910,0x0000000800000000)
  to   space 15872K, 0% used [0x00000007fe080000,0x00000007fe080000,0x00000007ff000000)
 ParOldGen       total 524288K, used 64628K [0x00000007d0000000, 0x00000007f0000000, 0x00000007f0000000)
  object space 524288K, 12% used [0x00000007d0000000,0x00000007d3f1d168,0x00000007f0000000)
 PSPermGen       total 262144K, used 44016K [0x00000007c0000000, 0x00000007d0000000, 0x00000007d0000000)
  object space 262144K, 16% used [0x00000007c0000000,0x00000007c2afc0f8,0x00000007d0000000)
}
Event: 217.865 GC heap before
{Heap before GC invocations=21 (full 0):
 PSYoungGen      total 246272K, used 230702K [0x00000007f0000000, 0x0000000800000000, 0x0000000800000000)
  eden space 229888K, 97% used [0x00000007f0000000,0x00000007fdb0bf28,0x00000007fe080000)
  from space 16384K, 39% used [0x00000007ff000000,0x00000007ff63f910,0x0000000800000000)
  to   space 15872K, 0% used [0x00000007fe080000,0x00000007fe080000,0x00000007ff000000)
 ParOldGen       total 524288K, used 64628K [0x00000007d0000000, 0x00000007f0000000, 0x00000007f0000000)
  object space 524288K, 12% used [0x00000007d0000000,0x00000007d3f1d168,0x00000007f0000000)
 PSPermGen       total 262144K, used 44217K [0x00000007c0000000, 0x00000007d0000000, 0x00000007d0000000)
  object space 262144K, 16% used [0x00000007c0000000,0x00000007c2b2e798,0x00000007d0000000)
Event: 217.871 GC heap after
Heap after GC invocations=21 (full 0):
 PSYoungGen      total 245760K, used 6575K [0x00000007f0000000, 0x0000000800000000, 0x0000000800000000)
  eden space 229888K, 0% used [0x00000007f0000000,0x00000007f0000000,0x00000007fe080000)
  from space 15872K, 41% used [0x00000007fe080000,0x00000007fe6ebc28,0x00000007ff000000)
  to   space 15360K, 0% used [0x00000007ff100000,0x00000007ff100000,0x0000000800000000)
 ParOldGen       total 524288K, used 66925K [0x00000007d0000000, 0x00000007f0000000, 0x00000007f0000000)
  object space 524288K, 12% used [0x00000007d0000000,0x00000007d415b740,0x00000007f0000000)
 PSPermGen       total 262144K, used 44217K [0x00000007c0000000, 0x00000007d0000000, 0x00000007d0000000)
  object space 262144K, 16% used [0x00000007c0000000,0x00000007c2b2e798,0x00000007d0000000)
}
Event: 647.464 GC heap before
{Heap before GC invocations=22 (full 0):
 PSYoungGen      total 245760K, used 236463K [0x00000007f0000000, 0x0000000800000000, 0x0000000800000000)
  eden space 229888K, 100% used [0x00000007f0000000,0x00000007fe080000,0x00000007fe080000)
  from space 15872K, 41% used [0x00000007fe080000,0x00000007fe6ebc28,0x00000007ff000000)
  to   space 15360K, 0% used [0x00000007ff100000,0x00000007ff100000,0x0000000800000000)
 ParOldGen       total 524288K, used 66925K [0x00000007d0000000, 0x00000007f0000000, 0x00000007f0000000)
  object space 524288K, 12% used [0x00000007d0000000,0x00000007d415b740,0x00000007f0000000)
 PSPermGen       total 262144K, used 44911K [0x00000007c0000000, 0x00000007d0000000, 0x00000007d0000000)
  object space 262144K, 17% used [0x00000007c0000000,0x00000007c2bdbd90,0x00000007d0000000)
Event: 647.470 GC heap after
Heap after GC invocations=22 (full 0):
 PSYoungGen      total 246784K, used 4601K [0x00000007f0000000, 0x0000000800000000, 0x0000000800000000)
  eden space 231424K, 0% used [0x00000007f0000000,0x00000007f0000000,0x00000007fe200000)
  from space 15360K, 29% used [0x00000007ff100000,0x00000007ff57e700,0x0000000800000000)
  to   space 15360K, 0% used [0x00000007fe200000,0x00000007fe200000,0x00000007ff100000)
 ParOldGen       total 524288K, used 69466K [0x00000007d0000000, 0x00000007f0000000, 0x00000007f0000000)
  object space 524288K, 13% used [0x00000007d0000000,0x00000007d43d6a70,0x00000007f0000000)
 PSPermGen       total 262144K, used 44911K [0x00000007c0000000, 0x00000007d0000000, 0x00000007d0000000)
  object space 262144K, 17% used [0x00000007c0000000,0x00000007c2bdbd90,0x00000007d0000000)
}
Event: 719.830 GC heap before
{Heap before GC invocations=23 (full 0):
 PSYoungGen      total 246784K, used 236025K [0x00000007f0000000, 0x0000000800000000, 0x0000000800000000)
  eden space 231424K, 100% used [0x00000007f0000000,0x00000007fe200000,0x00000007fe200000)
  from space 15360K, 29% used [0x00000007ff100000,0x00000007ff57e700,0x0000000800000000)
  to   space 15360K, 0% used [0x00000007fe200000,0x00000007fe200000,0x00000007ff100000)
 ParOldGen       total 524288K, used 69466K [0x00000007d0000000, 0x00000007f0000000, 0x00000007f0000000)
  object space 524288K, 13% used [0x00000007d0000000,0x00000007d43d6a70,0x00000007f0000000)
 PSPermGen       total 262144K, used 45544K [0x00000007c0000000, 0x00000007d0000000, 0x00000007d0000000)
  object space 262144K, 17% used [0x00000007c0000000,0x00000007c2c7a1c0,0x00000007d0000000)
Event: 719.836 GC heap after
Heap after GC invocations=23 (full 0):
 PSYoungGen      total 246784K, used 6827K [0x00000007f0000000, 0x0000000800000000, 0x0000000800000000)
  eden space 231424K, 0% used [0x00000007f0000000,0x00000007f0000000,0x00000007fe200000)
  from space 15360K, 44% used [0x00000007fe200000,0x00000007fe8aae50,0x00000007ff100000)
  to   space 14336K, 0% used [0x00000007ff200000,0x00000007ff200000,0x0000000800000000)
 ParOldGen       total 524288K, used 71019K [0x00000007d0000000, 0x00000007f0000000, 0x00000007f0000000)
  object space 524288K, 13% used [0x00000007d0000000,0x00000007d455acb8,0x00000007f0000000)
 PSPermGen       total 262144K, used 45544K [0x00000007c0000000, 0x00000007d0000000, 0x00000007d0000000)
  object space 262144K, 17% used [0x00000007c0000000,0x00000007c2c7a1c0,0x00000007d0000000)
}
Event: 813.247 GC heap before
{Heap before GC invocations=24 (full 0):
 PSYoungGen      total 246784K, used 238251K [0x00000007f0000000, 0x0000000800000000, 0x0000000800000000)
  eden space 231424K, 100% used [0x00000007f0000000,0x00000007fe200000,0x00000007fe200000)
  from space 15360K, 44% used [0x00000007fe200000,0x00000007fe8aae50,0x00000007ff100000)
  to   space 14336K, 0% used [0x00000007ff200000,0x00000007ff200000,0x0000000800000000)
 ParOldGen       total 524288K, used 71019K [0x00000007d0000000, 0x00000007f0000000, 0x00000007f0000000)
  object space 524288K, 13% used [0x00000007d0000000,0x00000007d455acb8,0x00000007f0000000)
 PSPermGen       total 262144K, used 46172K [0x00000007c0000000, 0x00000007d0000000, 0x00000007d0000000)
  object space 262144K, 17% used [0x00000007c0000000,0x00000007c2d17060,0x00000007d0000000)
Event: 813.255 GC heap after
Heap after GC invocations=24 (full 0):
 PSYoungGen      total 248320K, used 6913K [0x00000007f0000000, 0x0000000800000000, 0x0000000800000000)
  eden space 233984K, 0% used [0x00000007f0000000,0x00000007f0000000,0x00000007fe480000)
  from space 14336K, 48% used [0x00000007ff200000,0x00000007ff8c0780,0x0000000800000000)
  to   space 13824K, 0% used [0x00000007fe480000,0x00000007fe480000,0x00000007ff200000)
 ParOldGen       total 524288K, used 73333K [0x00000007d0000000, 0x00000007f0000000, 0x00000007f0000000)
  object space 524288K, 13% used [0x00000007d0000000,0x00000007d479d568,0x00000007f0000000)
 PSPermGen       total 262144K, used 46172K [0x00000007c0000000, 0x00000007d0000000, 0x00000007d0000000)
  object space 262144K, 17% used [0x00000007c0000000,0x00000007c2d17060,0x00000007d0000000)
}

