# JRE version: Java(TM) SE Runtime Environment (7.0_51-b13) (build 1.7.0_51-b13)
# Java VM: Java HotSpot(TM) 64-Bit Server VM (24.51-b03 mixed mode bsd-amd64 compressed oops)
Heap
 PSYoungGen      total 246784K, used 191462K [0x00000007f0000000, 0x0000000800000000, 0x0000000800000000)
  eden space 230912K, 79% used [0x00000007f0000000,0x00000007fb300d70,0x00000007fe180000)
  from space 15872K, 51% used [0x00000007ff080000,0x00000007ff878cd8,0x0000000800000000)
  to   space 15360K, 0% used [0x00000007fe180000,0x00000007fe180000,0x00000007ff080000)
 ParOldGen       total 524288K, used 77724K [0x00000007d0000000, 0x00000007f0000000, 0x00000007f0000000)
  object space 524288K, 14% used [0x00000007d0000000,0x00000007d4be7240,0x00000007f0000000)
 PSPermGen       total 262144K, used 47389K [0x00000007c0000000, 0x00000007d0000000, 0x00000007d0000000)
  object space 262144K, 18% used [0x00000007c0000000,0x00000007c2e476d8,0x00000007d0000000)
GC Heap History (10 events):
Event: 199.025 GC heap before
{Heap before GC invocations=20 (full 0):
 PSYoungGen      total 242688K, used 229243K [0x00000007f0000000, 0x0000000800000000, 0x0000000800000000)
  eden space 223744K, 100% used [0x00000007f0000000,0x00000007fda80000,0x00000007fda80000)
  from space 18944K, 29% used [0x00000007fda80000,0x00000007fdfdec48,0x00000007fed00000)
  to   space 18432K, 0% used [0x00000007fee00000,0x00000007fee00000,0x0000000800000000)
 ParOldGen       total 524288K, used 66420K [0x00000007d0000000, 0x00000007f0000000, 0x00000007f0000000)
  object space 524288K, 12% used [0x00000007d0000000,0x00000007d40dd088,0x00000007f0000000)
 PSPermGen       total 262144K, used 45972K [0x00000007c0000000, 0x00000007d0000000, 0x00000007d0000000)
  object space 262144K, 17% used [0x00000007c0000000,0x00000007c2ce5000,0x00000007d0000000)
Event: 199.032 GC heap after
Heap after GC invocations=20 (full 0):
 PSYoungGen      total 244224K, used 5857K [0x00000007f0000000, 0x0000000800000000, 0x0000000800000000)
  eden space 225792K, 0% used [0x00000007f0000000,0x00000007f0000000,0x00000007fdc80000)
  from space 18432K, 31% used [0x00000007fee00000,0x00000007ff3b8598,0x0000000800000000)
  to   space 17920K, 0% used [0x00000007fdc80000,0x00000007fdc80000,0x00000007fee00000)
 ParOldGen       total 524288K, used 68633K [0x00000007d0000000, 0x00000007f0000000, 0x00000007f0000000)
  object space 524288K, 13% used [0x00000007d0000000,0x00000007d4306438,0x00000007f0000000)
 PSPermGen       total 262144K, used 45972K [0x00000007c0000000, 0x00000007d0000000, 0x00000007d0000000)
  object space 262144K, 17% used [0x00000007c0000000,0x00000007c2ce5000,0x00000007d0000000)
}
Event: 229.442 GC heap before
{Heap before GC invocations=21 (full 0):
 PSYoungGen      total 244224K, used 225082K [0x00000007f0000000, 0x0000000800000000, 0x0000000800000000)
  eden space 225792K, 97% used [0x00000007f0000000,0x00000007fd6165c8,0x00000007fdc80000)
  from space 18432K, 31% used [0x00000007fee00000,0x00000007ff3b8598,0x0000000800000000)
  to   space 17920K, 0% used [0x00000007fdc80000,0x00000007fdc80000,0x00000007fee00000)
 ParOldGen       total 524288K, used 68633K [0x00000007d0000000, 0x00000007f0000000, 0x00000007f0000000)
  object space 524288K, 13% used [0x00000007d0000000,0x00000007d4306438,0x00000007f0000000)
 PSPermGen       total 262144K, used 46353K [0x00000007c0000000, 0x00000007d0000000, 0x00000007d0000000)
  object space 262144K, 17% used [0x00000007c0000000,0x00000007c2d447d0,0x00000007d0000000)
Event: 229.451 GC heap after
Heap after GC invocations=21 (full 0):
 PSYoungGen      total 243712K, used 7773K [0x00000007f0000000, 0x0000000800000000, 0x0000000800000000)
  eden space 225792K, 0% used [0x00000007f0000000,0x00000007f0000000,0x00000007fdc80000)
  from space 17920K, 43% used [0x00000007fdc80000,0x00000007fe417560,0x00000007fee00000)
  to   space 16896K, 0% used [0x00000007fef80000,0x00000007fef80000,0x0000000800000000)
 ParOldGen       total 524288K, used 71228K [0x00000007d0000000, 0x00000007f0000000, 0x00000007f0000000)
  object space 524288K, 13% used [0x00000007d0000000,0x00000007d458f3e0,0x00000007f0000000)
 PSPermGen       total 262144K, used 46353K [0x00000007c0000000, 0x00000007d0000000, 0x00000007d0000000)
  object space 262144K, 17% used [0x00000007c0000000,0x00000007c2d447d0,0x00000007d0000000)
}
Event: 253.766 GC heap before
{Heap before GC invocations=22 (full 0):
 PSYoungGen      total 243712K, used 233565K [0x00000007f0000000, 0x0000000800000000, 0x0000000800000000)
  eden space 225792K, 100% used [0x00000007f0000000,0x00000007fdc80000,0x00000007fdc80000)
  from space 17920K, 43% used [0x00000007fdc80000,0x00000007fe417560,0x00000007fee00000)
  to   space 16896K, 0% used [0x00000007fef80000,0x00000007fef80000,0x0000000800000000)
 ParOldGen       total 524288K, used 71228K [0x00000007d0000000, 0x00000007f0000000, 0x00000007f0000000)
  object space 524288K, 13% used [0x00000007d0000000,0x00000007d458f3e0,0x00000007f0000000)
 PSPermGen       total 262144K, used 47028K [0x00000007c0000000, 0x00000007d0000000, 0x00000007d0000000)
  object space 262144K, 17% used [0x00000007c0000000,0x00000007c2ded118,0x00000007d0000000)
Event: 253.771 GC heap after
Heap after GC invocations=22 (full 0):
 PSYoungGen      total 245248K, used 5007K [0x00000007f0000000, 0x0000000800000000, 0x0000000800000000)
  eden space 228352K, 0% used [0x00000007f0000000,0x00000007f0000000,0x00000007fdf00000)
  from space 16896K, 29% used [0x00000007fef80000,0x00000007ff463fb8,0x0000000800000000)
  to   space 16896K, 0% used [0x00000007fdf00000,0x00000007fdf00000,0x00000007fef80000)
 ParOldGen       total 524288K, used 73720K [0x00000007d0000000, 0x00000007f0000000, 0x00000007f0000000)
  object space 524288K, 14% used [0x00000007d0000000,0x00000007d47fe118,0x00000007f0000000)
 PSPermGen       total 262144K, used 47028K [0x00000007c0000000, 0x00000007d0000000, 0x00000007d0000000)
  object space 262144K, 17% used [0x00000007c0000000,0x00000007c2ded118,0x00000007d0000000)
}
Event: 266.248 GC heap before
{Heap before GC invocations=23 (full 0):
 PSYoungGen      total 245248K, used 233359K [0x00000007f0000000, 0x0000000800000000, 0x0000000800000000)
  eden space 228352K, 100% used [0x00000007f0000000,0x00000007fdf00000,0x00000007fdf00000)
  from space 16896K, 29% used [0x00000007fef80000,0x00000007ff463fb8,0x0000000800000000)
  to   space 16896K, 0% used [0x00000007fdf00000,0x00000007fdf00000,0x00000007fef80000)
 ParOldGen       total 524288K, used 73720K [0x00000007d0000000, 0x00000007f0000000, 0x00000007f0000000)
  object space 524288K, 14% used [0x00000007d0000000,0x00000007d47fe118,0x00000007f0000000)
 PSPermGen       total 262144K, used 47207K [0x00000007c0000000, 0x00000007d0000000, 0x00000007d0000000)
  object space 262144K, 18% used [0x00000007c0000000,0x00000007c2e19c58,0x00000007d0000000)
Event: 266.256 GC heap after
Heap after GC invocations=23 (full 0):
 PSYoungGen      total 245248K, used 6936K [0x00000007f0000000, 0x0000000800000000, 0x0000000800000000)
  eden space 228352K, 0% used [0x00000007f0000000,0x00000007f0000000,0x00000007fdf00000)
  from space 16896K, 41% used [0x00000007fdf00000,0x00000007fe5c63b0,0x00000007fef80000)
  to   space 15872K, 0% used [0x00000007ff080000,0x00000007ff080000,0x0000000800000000)
 ParOldGen       total 524288K, used 75961K [0x00000007d0000000, 0x00000007f0000000, 0x00000007f0000000)
  object space 524288K, 14% used [0x00000007d0000000,0x00000007d4a2e480,0x00000007f0000000)
 PSPermGen       total 262144K, used 47207K [0x00000007c0000000, 0x00000007d0000000, 0x00000007d0000000)
  object space 262144K, 18% used [0x00000007c0000000,0x00000007c2e19c58,0x00000007d0000000)
}
Event: 314.880 GC heap before
{Heap before GC invocations=24 (full 0):
 PSYoungGen      total 245248K, used 235288K [0x00000007f0000000, 0x0000000800000000, 0x0000000800000000)
  eden space 228352K, 100% used [0x00000007f0000000,0x00000007fdf00000,0x00000007fdf00000)
  from space 16896K, 41% used [0x00000007fdf00000,0x00000007fe5c63b0,0x00000007fef80000)
  to   space 15872K, 0% used [0x00000007ff080000,0x00000007ff080000,0x0000000800000000)
 ParOldGen       total 524288K, used 75961K [0x00000007d0000000, 0x00000007f0000000, 0x00000007f0000000)
  object space 524288K, 14% used [0x00000007d0000000,0x00000007d4a2e480,0x00000007f0000000)
 PSPermGen       total 262144K, used 47254K [0x00000007c0000000, 0x00000007d0000000, 0x00000007d0000000)
  object space 262144K, 18% used [0x00000007c0000000,0x00000007c2e25b58,0x00000007d0000000)
Event: 314.888 GC heap after
Heap after GC invocations=24 (full 0):
 PSYoungGen      total 246784K, used 8163K [0x00000007f0000000, 0x0000000800000000, 0x0000000800000000)
  eden space 230912K, 0% used [0x00000007f0000000,0x00000007f0000000,0x00000007fe180000)
  from space 15872K, 51% used [0x00000007ff080000,0x00000007ff878cd8,0x0000000800000000)
  to   space 15360K, 0% used [0x00000007fe180000,0x00000007fe180000,0x00000007ff080000)
 ParOldGen       total 524288K, used 77724K [0x00000007d0000000, 0x00000007f0000000, 0x00000007f0000000)
  object space 524288K, 14% used [0x00000007d0000000,0x00000007d4be7240,0x00000007f0000000)
 PSPermGen       total 262144K, used 47254K [0x00000007c0000000, 0x00000007d0000000, 0x00000007d0000000)
  object space 262144K, 18% used [0x00000007c0000000,0x00000007c2e25b58,0x00000007d0000000)
}

