# JRE version: Java(TM) SE Runtime Environment (7.0_51-b13) (build 1.7.0_51-b13)
# Java VM: Java HotSpot(TM) 64-Bit Server VM (24.51-b03 mixed mode bsd-amd64 compressed oops)
Heap
 PSYoungGen      total 166912K, used 83182K [0x00000007f0000000, 0x00000007fc300000, 0x0000000800000000)
  eden space 152576K, 45% used [0x00000007f0000000,0x00000007f4346760,0x00000007f9500000)
  from space 14336K, 99% used [0x00000007f9a80000,0x00000007fa875350,0x00000007fa880000)
  to   space 23552K, 0% used [0x00000007fac00000,0x00000007fac00000,0x00000007fc300000)
 ParOldGen       total 164864K, used 121952K [0x00000007d0000000, 0x00000007da100000, 0x00000007f0000000)
  object space 164864K, 73% used [0x00000007d0000000,0x00000007d7718218,0x00000007da100000)
 PSPermGen       total 113152K, used 82566K [0x00000007c0000000, 0x00000007c6e80000, 0x00000007d0000000)
  object space 113152K, 72% used [0x00000007c0000000,0x00000007c50a18a0,0x00000007c6e80000)
GC Heap History (10 events):
Event: 2828.967 GC heap before
{Heap before GC invocations=68 (full 3):
 PSYoungGen      total 209920K, used 199049K [0x00000007f0000000, 0x00000007fe780000, 0x0000000800000000)
  eden space 183808K, 100% used [0x00000007f0000000,0x00000007fb380000,0x00000007fb380000)
  from space 26112K, 58% used [0x00000007fce00000,0x00000007fdce2768,0x00000007fe780000)
  to   space 26624K, 0% used [0x00000007fb380000,0x00000007fb380000,0x00000007fcd80000)
 ParOldGen       total 164864K, used 118359K [0x00000007d0000000, 0x00000007da100000, 0x00000007f0000000)
  object space 164864K, 71% used [0x00000007d0000000,0x00000007d7395c20,0x00000007da100000)
 PSPermGen       total 113152K, used 82186K [0x00000007c0000000, 0x00000007c6e80000, 0x00000007d0000000)
  object space 113152K, 72% used [0x00000007c0000000,0x00000007c5042a28,0x00000007c6e80000)
Event: 2828.978 GC heap after
Heap after GC invocations=68 (full 3):
 PSYoungGen      total 193024K, used 15569K [0x00000007f0000000, 0x00000007fdf00000, 0x0000000800000000)
  eden space 177152K, 0% used [0x00000007f0000000,0x00000007f0000000,0x00000007fad00000)
  from space 15872K, 98% used [0x00000007fb380000,0x00000007fc2b45e0,0x00000007fc300000)
  to   space 25600K, 0% used [0x00000007fc600000,0x00000007fc600000,0x00000007fdf00000)
 ParOldGen       total 164864K, used 119229K [0x00000007d0000000, 0x00000007da100000, 0x00000007f0000000)
  object space 164864K, 72% used [0x00000007d0000000,0x00000007d746f4e8,0x00000007da100000)
 PSPermGen       total 113152K, used 82186K [0x00000007c0000000, 0x00000007c6e80000, 0x00000007d0000000)
  object space 113152K, 72% used [0x00000007c0000000,0x00000007c5042a28,0x00000007c6e80000)
}
Event: 3171.479 GC heap before
{Heap before GC invocations=69 (full 3):
 PSYoungGen      total 193024K, used 192721K [0x00000007f0000000, 0x00000007fdf00000, 0x0000000800000000)
  eden space 177152K, 100% used [0x00000007f0000000,0x00000007fad00000,0x00000007fad00000)
  from space 15872K, 98% used [0x00000007fb380000,0x00000007fc2b45e0,0x00000007fc300000)
  to   space 25600K, 0% used [0x00000007fc600000,0x00000007fc600000,0x00000007fdf00000)
 ParOldGen       total 164864K, used 119229K [0x00000007d0000000, 0x00000007da100000, 0x00000007f0000000)
  object space 164864K, 72% used [0x00000007d0000000,0x00000007d746f4e8,0x00000007da100000)
 PSPermGen       total 113152K, used 82246K [0x00000007c0000000, 0x00000007c6e80000, 0x00000007d0000000)
  object space 113152K, 72% used [0x00000007c0000000,0x00000007c5051bb0,0x00000007c6e80000)
Event: 3171.488 GC heap after
Heap after GC invocations=69 (full 3):
 PSYoungGen      total 188416K, used 14375K [0x00000007f0000000, 0x00000007fd780000, 0x0000000800000000)
  eden space 170496K, 0% used [0x00000007f0000000,0x00000007f0000000,0x00000007fa680000)
  from space 17920K, 80% used [0x00000007fc600000,0x00000007fd409df0,0x00000007fd780000)
  to   space 25088K, 0% used [0x00000007fa680000,0x00000007fa680000,0x00000007fbf00000)
 ParOldGen       total 164864K, used 119869K [0x00000007d0000000, 0x00000007da100000, 0x00000007f0000000)
  object space 164864K, 72% used [0x00000007d0000000,0x00000007d750f548,0x00000007da100000)
 PSPermGen       total 113152K, used 82246K [0x00000007c0000000, 0x00000007c6e80000, 0x00000007d0000000)
  object space 113152K, 72% used [0x00000007c0000000,0x00000007c5051bb0,0x00000007c6e80000)
}
Event: 3228.775 GC heap before
{Heap before GC invocations=70 (full 3):
 PSYoungGen      total 188416K, used 184871K [0x00000007f0000000, 0x00000007fd780000, 0x0000000800000000)
  eden space 170496K, 100% used [0x00000007f0000000,0x00000007fa680000,0x00000007fa680000)
  from space 17920K, 80% used [0x00000007fc600000,0x00000007fd409df0,0x00000007fd780000)
  to   space 25088K, 0% used [0x00000007fa680000,0x00000007fa680000,0x00000007fbf00000)
 ParOldGen       total 164864K, used 119869K [0x00000007d0000000, 0x00000007da100000, 0x00000007f0000000)
  object space 164864K, 72% used [0x00000007d0000000,0x00000007d750f548,0x00000007da100000)
 PSPermGen       total 113152K, used 82304K [0x00000007c0000000, 0x00000007c6e80000, 0x00000007d0000000)
  object space 113152K, 72% used [0x00000007c0000000,0x00000007c5060330,0x00000007c6e80000)
Event: 3228.784 GC heap after
Heap after GC invocations=70 (full 3):
 PSYoungGen      total 180224K, used 15683K [0x00000007f0000000, 0x00000007fd080000, 0x0000000800000000)
  eden space 164352K, 0% used [0x00000007f0000000,0x00000007f0000000,0x00000007fa080000)
  from space 15872K, 98% used [0x00000007fa680000,0x00000007fb5d0fe0,0x00000007fb600000)
  to   space 24576K, 0% used [0x00000007fb880000,0x00000007fb880000,0x00000007fd080000)
 ParOldGen       total 164864K, used 120733K [0x00000007d0000000, 0x00000007da100000, 0x00000007f0000000)
  object space 164864K, 73% used [0x00000007d0000000,0x00000007d75e76d8,0x00000007da100000)
 PSPermGen       total 113152K, used 82304K [0x00000007c0000000, 0x00000007c6e80000, 0x00000007d0000000)
  object space 113152K, 72% used [0x00000007c0000000,0x00000007c5060330,0x00000007c6e80000)
}
Event: 3271.083 GC heap before
{Heap before GC invocations=71 (full 3):
 PSYoungGen      total 180224K, used 180035K [0x00000007f0000000, 0x00000007fd080000, 0x0000000800000000)
  eden space 164352K, 100% used [0x00000007f0000000,0x00000007fa080000,0x00000007fa080000)
  from space 15872K, 98% used [0x00000007fa680000,0x00000007fb5d0fe0,0x00000007fb600000)
  to   space 24576K, 0% used [0x00000007fb880000,0x00000007fb880000,0x00000007fd080000)
 ParOldGen       total 164864K, used 120733K [0x00000007d0000000, 0x00000007da100000, 0x00000007f0000000)
  object space 164864K, 73% used [0x00000007d0000000,0x00000007d75e76d8,0x00000007da100000)
 PSPermGen       total 113152K, used 82477K [0x00000007c0000000, 0x00000007c6e80000, 0x00000007d0000000)
  object space 113152K, 72% used [0x00000007c0000000,0x00000007c508b750,0x00000007c6e80000)
Event: 3271.093 GC heap after
Heap after GC invocations=71 (full 3):
 PSYoungGen      total 175616K, used 14294K [0x00000007f0000000, 0x00000007fc980000, 0x0000000800000000)
  eden space 158208K, 0% used [0x00000007f0000000,0x00000007f0000000,0x00000007f9a80000)
  from space 17408K, 82% used [0x00000007fb880000,0x00000007fc675ba0,0x00000007fc980000)
  to   space 24064K, 0% used [0x00000007f9a80000,0x00000007f9a80000,0x00000007fb200000)
 ParOldGen       total 164864K, used 121381K [0x00000007d0000000, 0x00000007da100000, 0x00000007f0000000)
  object space 164864K, 73% used [0x00000007d0000000,0x00000007d7689758,0x00000007da100000)
 PSPermGen       total 113152K, used 82477K [0x00000007c0000000, 0x00000007c6e80000, 0x00000007d0000000)
  object space 113152K, 72% used [0x00000007c0000000,0x00000007c508b750,0x00000007c6e80000)
}
Event: 3319.395 GC heap before
{Heap before GC invocations=72 (full 3):
 PSYoungGen      total 175616K, used 172502K [0x00000007f0000000, 0x00000007fc980000, 0x0000000800000000)
  eden space 158208K, 100% used [0x00000007f0000000,0x00000007f9a80000,0x00000007f9a80000)
  from space 17408K, 82% used [0x00000007fb880000,0x00000007fc675ba0,0x00000007fc980000)
  to   space 24064K, 0% used [0x00000007f9a80000,0x00000007f9a80000,0x00000007fb200000)
 ParOldGen       total 164864K, used 121381K [0x00000007d0000000, 0x00000007da100000, 0x00000007f0000000)
  object space 164864K, 73% used [0x00000007d0000000,0x00000007d7689758,0x00000007da100000)
 PSPermGen       total 113152K, used 82559K [0x00000007c0000000, 0x00000007c6e80000, 0x00000007d0000000)
  object space 113152K, 72% used [0x00000007c0000000,0x00000007c509ffc8,0x00000007c6e80000)
Event: 3319.405 GC heap after
Heap after GC invocations=72 (full 3):
 PSYoungGen      total 166912K, used 14292K [0x00000007f0000000, 0x00000007fc300000, 0x0000000800000000)
  eden space 152576K, 0% used [0x00000007f0000000,0x00000007f0000000,0x00000007f9500000)
  from space 14336K, 99% used [0x00000007f9a80000,0x00000007fa875350,0x00000007fa880000)
  to   space 23552K, 0% used [0x00000007fac00000,0x00000007fac00000,0x00000007fc300000)
 ParOldGen       total 164864K, used 121952K [0x00000007d0000000, 0x00000007da100000, 0x00000007f0000000)
  object space 164864K, 73% used [0x00000007d0000000,0x00000007d7718218,0x00000007da100000)
 PSPermGen       total 113152K, used 82559K [0x00000007c0000000, 0x00000007c6e80000, 0x00000007d0000000)
  object space 113152K, 72% used [0x00000007c0000000,0x00000007c509ffc8,0x00000007c6e80000)
}

