# JRE version: Java(TM) SE Runtime Environment (7.0_51-b13) (build 1.7.0_51-b13)
# Java VM: Java HotSpot(TM) 64-Bit Server VM (24.51-b03 mixed mode bsd-amd64 compressed oops)
Heap
 PSYoungGen      total 211968K, used 100617K [0x00000007f0000000, 0x0000000800000000, 0x0000000800000000)
  eden space 163328K, 51% used [0x00000007f0000000,0x00000007f51bd880,0x00000007f9f80000)
  from space 48640K, 34% used [0x00000007f9f80000,0x00000007fb004de0,0x00000007fcf00000)
  to   space 48640K, 0% used [0x00000007fd080000,0x00000007fd080000,0x0000000800000000)
 ParOldGen       total 163840K, used 103142K [0x00000007d0000000, 0x00000007da000000, 0x00000007f0000000)
  object space 163840K, 62% used [0x00000007d0000000,0x00000007d64b9aa8,0x00000007da000000)
 PSPermGen       total 120320K, used 78868K [0x00000007c0000000, 0x00000007c7580000, 0x00000007d0000000)
  object space 120320K, 65% used [0x00000007c0000000,0x00000007c4d050b8,0x00000007c7580000)
GC Heap History (10 events):
Event: 109.073 GC heap before
{Heap before GC invocations=48 (full 2):
 PSYoungGen      total 200192K, used 199770K [0x00000007f0000000, 0x0000000800000000, 0x0000000800000000)
  eden space 162816K, 100% used [0x00000007f0000000,0x00000007f9f00000,0x00000007f9f00000)
  from space 37376K, 98% used [0x00000007f9f00000,0x00000007fc316998,0x00000007fc380000)
  to   space 50176K, 0% used [0x00000007fcf00000,0x00000007fcf00000,0x0000000800000000)
 ParOldGen       total 97280K, used 86052K [0x00000007d0000000, 0x00000007d5f00000, 0x00000007f0000000)
  object space 97280K, 88% used [0x00000007d0000000,0x00000007d54091d8,0x00000007d5f00000)
 PSPermGen       total 77312K, used 76934K [0x00000007c0000000, 0x00000007c4b80000, 0x00000007d0000000)
  object space 77312K, 99% used [0x00000007c0000000,0x00000007c4b219a0,0x00000007c4b80000)
Event: 109.091 GC heap after
Heap after GC invocations=48 (full 2):
 PSYoungGen      total 212992K, used 25511K [0x00000007f0000000, 0x0000000800000000, 0x0000000800000000)
  eden space 162816K, 0% used [0x00000007f0000000,0x00000007f0000000,0x00000007f9f00000)
  from space 50176K, 50% used [0x00000007fcf00000,0x00000007fe7e9db8,0x0000000800000000)
  to   space 49152K, 0% used [0x00000007f9f00000,0x00000007f9f00000,0x00000007fcf00000)
 ParOldGen       total 97280K, used 90387K [0x00000007d0000000, 0x00000007d5f00000, 0x00000007f0000000)
  object space 97280K, 92% used [0x00000007d0000000,0x00000007d5844d88,0x00000007d5f00000)
 PSPermGen       total 77312K, used 76934K [0x00000007c0000000, 0x00000007c4b80000, 0x00000007d0000000)
  object space 77312K, 99% used [0x00000007c0000000,0x00000007c4b219a0,0x00000007c4b80000)
}
Event: 109.091 GC heap before
{Heap before GC invocations=49 (full 3):
 PSYoungGen      total 212992K, used 25511K [0x00000007f0000000, 0x0000000800000000, 0x0000000800000000)
  eden space 162816K, 0% used [0x00000007f0000000,0x00000007f0000000,0x00000007f9f00000)
  from space 50176K, 50% used [0x00000007fcf00000,0x00000007fe7e9db8,0x0000000800000000)
  to   space 49152K, 0% used [0x00000007f9f00000,0x00000007f9f00000,0x00000007fcf00000)
 ParOldGen       total 97280K, used 90387K [0x00000007d0000000, 0x00000007d5f00000, 0x00000007f0000000)
  object space 97280K, 92% used [0x00000007d0000000,0x00000007d5844d88,0x00000007d5f00000)
 PSPermGen       total 77312K, used 76934K [0x00000007c0000000, 0x00000007c4b80000, 0x00000007d0000000)
  object space 77312K, 99% used [0x00000007c0000000,0x00000007c4b219a0,0x00000007c4b80000)
Event: 109.678 GC heap after
Heap after GC invocations=49 (full 3):
 PSYoungGen      total 212992K, used 13516K [0x00000007f0000000, 0x0000000800000000, 0x0000000800000000)
  eden space 162816K, 0% used [0x00000007f0000000,0x00000007f0000000,0x00000007f9f00000)
  from space 50176K, 26% used [0x00000007fcf00000,0x00000007fdc33060,0x0000000800000000)
  to   space 49152K, 0% used [0x00000007f9f00000,0x00000007f9f00000,0x00000007fcf00000)
 ParOldGen       total 163840K, used 97153K [0x00000007d0000000, 0x00000007da000000, 0x00000007f0000000)
  object space 163840K, 59% used [0x00000007d0000000,0x00000007d5ee0548,0x00000007da000000)
 PSPermGen       total 120320K, used 76889K [0x00000007c0000000, 0x00000007c7580000, 0x00000007d0000000)
  object space 120320K, 63% used [0x00000007c0000000,0x00000007c4b16530,0x00000007c7580000)
}
Event: 179.036 GC heap before
{Heap before GC invocations=50 (full 3):
 PSYoungGen      total 212992K, used 171471K [0x00000007f0000000, 0x0000000800000000, 0x0000000800000000)
  eden space 162816K, 97% used [0x00000007f0000000,0x00000007f9a40bb0,0x00000007f9f00000)
  from space 50176K, 26% used [0x00000007fcf00000,0x00000007fdc33060,0x0000000800000000)
  to   space 49152K, 0% used [0x00000007f9f00000,0x00000007f9f00000,0x00000007fcf00000)
 ParOldGen       total 163840K, used 97153K [0x00000007d0000000, 0x00000007da000000, 0x00000007f0000000)
  object space 163840K, 59% used [0x00000007d0000000,0x00000007d5ee0548,0x00000007da000000)
 PSPermGen       total 120320K, used 77523K [0x00000007c0000000, 0x00000007c7580000, 0x00000007d0000000)
  object space 120320K, 64% used [0x00000007c0000000,0x00000007c4bb4d20,0x00000007c7580000)
Event: 179.069 GC heap after
Heap after GC invocations=50 (full 3):
 PSYoungGen      total 211968K, used 17679K [0x00000007f0000000, 0x0000000800000000, 0x0000000800000000)
  eden space 162816K, 0% used [0x00000007f0000000,0x00000007f0000000,0x00000007f9f00000)
  from space 49152K, 35% used [0x00000007f9f00000,0x00000007fb043ce0,0x00000007fcf00000)
  to   space 49664K, 0% used [0x00000007fcf80000,0x00000007fcf80000,0x0000000800000000)
 ParOldGen       total 163840K, used 98937K [0x00000007d0000000, 0x00000007da000000, 0x00000007f0000000)
  object space 163840K, 60% used [0x00000007d0000000,0x00000007d609e548,0x00000007da000000)
 PSPermGen       total 120320K, used 77523K [0x00000007c0000000, 0x00000007c7580000, 0x00000007d0000000)
  object space 120320K, 64% used [0x00000007c0000000,0x00000007c4bb4d20,0x00000007c7580000)
}
Event: 572.676 GC heap before
{Heap before GC invocations=51 (full 3):
 PSYoungGen      total 211968K, used 180495K [0x00000007f0000000, 0x0000000800000000, 0x0000000800000000)
  eden space 162816K, 100% used [0x00000007f0000000,0x00000007f9f00000,0x00000007f9f00000)
  from space 49152K, 35% used [0x00000007f9f00000,0x00000007fb043ce0,0x00000007fcf00000)
  to   space 49664K, 0% used [0x00000007fcf80000,0x00000007fcf80000,0x0000000800000000)
 ParOldGen       total 163840K, used 98937K [0x00000007d0000000, 0x00000007da000000, 0x00000007f0000000)
  object space 163840K, 60% used [0x00000007d0000000,0x00000007d609e548,0x00000007da000000)
 PSPermGen       total 120320K, used 77947K [0x00000007c0000000, 0x00000007c7580000, 0x00000007d0000000)
  object space 120320K, 64% used [0x00000007c0000000,0x00000007c4c1ede8,0x00000007c7580000)
Event: 572.689 GC heap after
Heap after GC invocations=51 (full 3):
 PSYoungGen      total 211456K, used 20422K [0x00000007f0000000, 0x00000007ffe80000, 0x0000000800000000)
  eden space 163328K, 0% used [0x00000007f0000000,0x00000007f0000000,0x00000007f9f80000)
  from space 48128K, 42% used [0x00000007fcf80000,0x00000007fe371b08,0x00000007ffe80000)
  to   space 48640K, 0% used [0x00000007f9f80000,0x00000007f9f80000,0x00000007fcf00000)
 ParOldGen       total 163840K, used 99187K [0x00000007d0000000, 0x00000007da000000, 0x00000007f0000000)
  object space 163840K, 60% used [0x00000007d0000000,0x00000007d60dcd68,0x00000007da000000)
 PSPermGen       total 120320K, used 77947K [0x00000007c0000000, 0x00000007c7580000, 0x00000007d0000000)
  object space 120320K, 64% used [0x00000007c0000000,0x00000007c4c1ede8,0x00000007c7580000)
}
Event: 573.289 GC heap before
{Heap before GC invocations=52 (full 3):
 PSYoungGen      total 211456K, used 182777K [0x00000007f0000000, 0x00000007ffe80000, 0x0000000800000000)
  eden space 163328K, 99% used [0x00000007f0000000,0x00000007f9e8cae8,0x00000007f9f80000)
  from space 48128K, 42% used [0x00000007fcf80000,0x00000007fe371b08,0x00000007ffe80000)
  to   space 48640K, 0% used [0x00000007f9f80000,0x00000007f9f80000,0x00000007fcf00000)
 ParOldGen       total 163840K, used 99187K [0x00000007d0000000, 0x00000007da000000, 0x00000007f0000000)
  object space 163840K, 60% used [0x00000007d0000000,0x00000007d60dcd68,0x00000007da000000)
 PSPermGen       total 120320K, used 78019K [0x00000007c0000000, 0x00000007c7580000, 0x00000007d0000000)
  object space 120320K, 64% used [0x00000007c0000000,0x00000007c4c30d18,0x00000007c7580000)
Event: 573.305 GC heap after
Heap after GC invocations=52 (full 3):
 PSYoungGen      total 211968K, used 16915K [0x00000007f0000000, 0x0000000800000000, 0x0000000800000000)
  eden space 163328K, 0% used [0x00000007f0000000,0x00000007f0000000,0x00000007f9f80000)
  from space 48640K, 34% used [0x00000007f9f80000,0x00000007fb004de0,0x00000007fcf00000)
  to   space 48640K, 0% used [0x00000007fd080000,0x00000007fd080000,0x0000000800000000)
 ParOldGen       total 163840K, used 103142K [0x00000007d0000000, 0x00000007da000000, 0x00000007f0000000)
  object space 163840K, 62% used [0x00000007d0000000,0x00000007d64b9aa8,0x00000007da000000)
 PSPermGen       total 120320K, used 78019K [0x00000007c0000000, 0x00000007c7580000, 0x00000007d0000000)
  object space 120320K, 64% used [0x00000007c0000000,0x00000007c4c30d18,0x00000007c7580000)
}

