# JRE version: Java(TM) SE Runtime Environment (7.0_51-b13) (build 1.7.0_51-b13)
# Java VM: Java HotSpot(TM) 64-Bit Server VM (24.51-b03 mixed mode bsd-amd64 compressed oops)
Heap
 PSYoungGen      total 215040K, used 45439K [0x000000013c300000, 0x000000014c300000, 0x000000014c300000)
  eden space 169984K, 8% used [0x000000013c300000,0x000000013d14b7b8,0x0000000146900000)
  from space 45056K, 68% used [0x0000000149700000,0x000000014b514800,0x000000014c300000)
  to   space 46080K, 0% used [0x0000000146900000,0x0000000146900000,0x0000000149600000)
 ParOldGen       total 165888K, used 100916K [0x000000011c300000, 0x0000000126500000, 0x000000013c300000)
  object space 165888K, 60% used [0x000000011c300000,0x000000012258d170,0x0000000126500000)
 PSPermGen       total 110592K, used 81667K [0x000000010c300000, 0x0000000112f00000, 0x000000011c300000)
  object space 110592K, 73% used [0x000000010c300000,0x00000001112c0ed0,0x0000000112f00000)
GC Heap History (10 events):
Event: 187.924 GC heap before
{Heap before GC invocations=49 (full 3):
 PSYoungGen      total 212992K, used 194175K [0x000000013c300000, 0x000000014c300000, 0x000000014c300000)
  eden space 171520K, 100% used [0x000000013c300000,0x0000000146a80000,0x0000000146a80000)
  from space 41472K, 54% used [0x0000000146a80000,0x000000014809fc50,0x0000000149300000)
  to   space 40960K, 0% used [0x0000000149b00000,0x0000000149b00000,0x000000014c300000)
 ParOldGen       total 165888K, used 100756K [0x000000011c300000, 0x0000000126500000, 0x000000013c300000)
  object space 165888K, 60% used [0x000000011c300000,0x0000000122565170,0x0000000126500000)
 PSPermGen       total 110592K, used 80737K [0x000000010c300000, 0x0000000112f00000, 0x000000011c300000)
  object space 110592K, 73% used [0x000000010c300000,0x00000001111d85d0,0x0000000112f00000)
Event: 187.939 GC heap after
Heap after GC invocations=49 (full 3):
 PSYoungGen      total 219136K, used 27237K [0x000000013c300000, 0x000000014c300000, 0x000000014c300000)
  eden space 178176K, 0% used [0x000000013c300000,0x000000013c300000,0x0000000147100000)
  from space 40960K, 66% used [0x0000000149b00000,0x000000014b599708,0x000000014c300000)
  to   space 41984K, 0% used [0x0000000147100000,0x0000000147100000,0x0000000149a00000)
 ParOldGen       total 165888K, used 100756K [0x000000011c300000, 0x0000000126500000, 0x000000013c300000)
  object space 165888K, 60% used [0x000000011c300000,0x0000000122565170,0x0000000126500000)
 PSPermGen       total 110592K, used 80737K [0x000000010c300000, 0x0000000112f00000, 0x000000011c300000)
  object space 110592K, 73% used [0x000000010c300000,0x00000001111d85d0,0x0000000112f00000)
}
Event: 218.336 GC heap before
{Heap before GC invocations=50 (full 3):
 PSYoungGen      total 219136K, used 205413K [0x000000013c300000, 0x000000014c300000, 0x000000014c300000)
  eden space 178176K, 100% used [0x000000013c300000,0x0000000147100000,0x0000000147100000)
  from space 40960K, 66% used [0x0000000149b00000,0x000000014b599708,0x000000014c300000)
  to   space 41984K, 0% used [0x0000000147100000,0x0000000147100000,0x0000000149a00000)
 ParOldGen       total 165888K, used 100756K [0x000000011c300000, 0x0000000126500000, 0x000000013c300000)
  object space 165888K, 60% used [0x000000011c300000,0x0000000122565170,0x0000000126500000)
 PSPermGen       total 110592K, used 81084K [0x000000010c300000, 0x0000000112f00000, 0x000000011c300000)
  object space 110592K, 73% used [0x000000010c300000,0x000000011122f280,0x0000000112f00000)
Event: 218.354 GC heap after
Heap after GC invocations=50 (full 3):
 PSYoungGen      total 206848K, used 28650K [0x000000013c300000, 0x000000014c300000, 0x000000014c300000)
  eden space 178176K, 0% used [0x000000013c300000,0x000000013c300000,0x0000000147100000)
  from space 28672K, 99% used [0x0000000147100000,0x0000000148cfa8b0,0x0000000148d00000)
  to   space 43008K, 0% used [0x0000000149900000,0x0000000149900000,0x000000014c300000)
 ParOldGen       total 165888K, used 100756K [0x000000011c300000, 0x0000000126500000, 0x000000013c300000)
  object space 165888K, 60% used [0x000000011c300000,0x0000000122565170,0x0000000126500000)
 PSPermGen       total 110592K, used 81084K [0x000000010c300000, 0x0000000112f00000, 0x000000011c300000)
  object space 110592K, 73% used [0x000000010c300000,0x000000011122f280,0x0000000112f00000)
}
Event: 254.695 GC heap before
{Heap before GC invocations=51 (full 3):
 PSYoungGen      total 206848K, used 206826K [0x000000013c300000, 0x000000014c300000, 0x000000014c300000)
  eden space 178176K, 100% used [0x000000013c300000,0x0000000147100000,0x0000000147100000)
  from space 28672K, 99% used [0x0000000147100000,0x0000000148cfa8b0,0x0000000148d00000)
  to   space 43008K, 0% used [0x0000000149900000,0x0000000149900000,0x000000014c300000)
 ParOldGen       total 165888K, used 100756K [0x000000011c300000, 0x0000000126500000, 0x000000013c300000)
  object space 165888K, 60% used [0x000000011c300000,0x0000000122565170,0x0000000126500000)
 PSPermGen       total 110592K, used 81253K [0x000000010c300000, 0x0000000112f00000, 0x000000011c300000)
  object space 110592K, 73% used [0x000000010c300000,0x0000000111259600,0x0000000112f00000)
Event: 254.711 GC heap after
Heap after GC invocations=51 (full 3):
 PSYoungGen      total 217088K, used 29288K [0x000000013c300000, 0x000000014c300000, 0x000000014c300000)
  eden space 174080K, 0% used [0x000000013c300000,0x000000013c300000,0x0000000146d00000)
  from space 43008K, 68% used [0x0000000149900000,0x000000014b59a360,0x000000014c300000)
  to   space 44032K, 0% used [0x0000000146d00000,0x0000000146d00000,0x0000000149800000)
 ParOldGen       total 165888K, used 100764K [0x000000011c300000, 0x0000000126500000, 0x000000013c300000)
  object space 165888K, 60% used [0x000000011c300000,0x0000000122567170,0x0000000126500000)
 PSPermGen       total 110592K, used 81253K [0x000000010c300000, 0x0000000112f00000, 0x000000011c300000)
  object space 110592K, 73% used [0x000000010c300000,0x0000000111259600,0x0000000112f00000)
}
Event: 303.275 GC heap before
{Heap before GC invocations=52 (full 3):
 PSYoungGen      total 217088K, used 203368K [0x000000013c300000, 0x000000014c300000, 0x000000014c300000)
  eden space 174080K, 100% used [0x000000013c300000,0x0000000146d00000,0x0000000146d00000)
  from space 43008K, 68% used [0x0000000149900000,0x000000014b59a360,0x000000014c300000)
  to   space 44032K, 0% used [0x0000000146d00000,0x0000000146d00000,0x0000000149800000)
 ParOldGen       total 165888K, used 100764K [0x000000011c300000, 0x0000000126500000, 0x000000013c300000)
  object space 165888K, 60% used [0x000000011c300000,0x0000000122567170,0x0000000126500000)
 PSPermGen       total 110592K, used 81526K [0x000000010c300000, 0x0000000112f00000, 0x000000011c300000)
  object space 110592K, 73% used [0x000000010c300000,0x000000011129d9d8,0x0000000112f00000)
Event: 303.291 GC heap after
Heap after GC invocations=52 (full 3):
 PSYoungGen      total 204288K, used 29741K [0x000000013c300000, 0x000000014c300000, 0x000000014c300000)
  eden space 174080K, 0% used [0x000000013c300000,0x000000013c300000,0x0000000146d00000)
  from space 30208K, 98% used [0x0000000146d00000,0x0000000148a0b5b0,0x0000000148a80000)
  to   space 45056K, 0% used [0x0000000149700000,0x0000000149700000,0x000000014c300000)
 ParOldGen       total 165888K, used 100764K [0x000000011c300000, 0x0000000126500000, 0x000000013c300000)
  object space 165888K, 60% used [0x000000011c300000,0x0000000122567170,0x0000000126500000)
 PSPermGen       total 110592K, used 81526K [0x000000010c300000, 0x0000000112f00000, 0x000000011c300000)
  object space 110592K, 73% used [0x000000010c300000,0x000000011129d9d8,0x0000000112f00000)
}
Event: 318.762 GC heap before
{Heap before GC invocations=53 (full 3):
 PSYoungGen      total 204288K, used 203821K [0x000000013c300000, 0x000000014c300000, 0x000000014c300000)
  eden space 174080K, 100% used [0x000000013c300000,0x0000000146d00000,0x0000000146d00000)
  from space 30208K, 98% used [0x0000000146d00000,0x0000000148a0b5b0,0x0000000148a80000)
  to   space 45056K, 0% used [0x0000000149700000,0x0000000149700000,0x000000014c300000)
 ParOldGen       total 165888K, used 100764K [0x000000011c300000, 0x0000000126500000, 0x000000013c300000)
  object space 165888K, 60% used [0x000000011c300000,0x0000000122567170,0x0000000126500000)
 PSPermGen       total 110592K, used 81662K [0x000000010c300000, 0x0000000112f00000, 0x000000011c300000)
  object space 110592K, 73% used [0x000000010c300000,0x00000001112bf900,0x0000000112f00000)
Event: 318.788 GC heap after
Heap after GC invocations=53 (full 3):
 PSYoungGen      total 215040K, used 30802K [0x000000013c300000, 0x000000014c300000, 0x000000014c300000)
  eden space 169984K, 0% used [0x000000013c300000,0x000000013c300000,0x0000000146900000)
  from space 45056K, 68% used [0x0000000149700000,0x000000014b514800,0x000000014c300000)
  to   space 46080K, 0% used [0x0000000146900000,0x0000000146900000,0x0000000149600000)
 ParOldGen       total 165888K, used 100916K [0x000000011c300000, 0x0000000126500000, 0x000000013c300000)
  object space 165888K, 60% used [0x000000011c300000,0x000000012258d170,0x0000000126500000)
 PSPermGen       total 110592K, used 81662K [0x000000010c300000, 0x0000000112f00000, 0x000000011c300000)
  object space 110592K, 73% used [0x000000010c300000,0x00000001112bf900,0x0000000112f00000)
}

