# JRE version: Java(TM) SE Runtime Environment (7.0_51-b13) (build 1.7.0_51-b13)
# Java VM: Java HotSpot(TM) 64-Bit Server VM (24.51-b03 mixed mode bsd-amd64 compressed oops)
Heap
 PSYoungGen      total 242688K, used 151952K [0x00000007f0000000, 0x0000000800000000, 0x0000000800000000)
  eden space 223744K, 62% used [0x00000007f0000000,0x00000007f89844c8,0x00000007fda80000)
  from space 18944K, 58% used [0x00000007fda80000,0x00000007fe55fcf8,0x00000007fed00000)
  to   space 18944K, 0% used [0x00000007fed80000,0x00000007fed80000,0x0000000800000000)
 ParOldGen       total 524288K, used 66307K [0x00000007d0000000, 0x00000007f0000000, 0x00000007f0000000)
  object space 524288K, 12% used [0x00000007d0000000,0x00000007d40c0f70,0x00000007f0000000)
 PSPermGen       total 262144K, used 46214K [0x00000007c0000000, 0x00000007d0000000, 0x00000007d0000000)
  object space 262144K, 17% used [0x00000007c0000000,0x00000007c2d21be0,0x00000007d0000000)
GC Heap History (10 events):
Event: 10.213 GC heap before
{Heap before GC invocations=15 (full 0):
 PSYoungGen      total 240640K, used 214531K [0x00000007f0000000, 0x0000000800000000, 0x0000000800000000)
  eden space 219136K, 96% used [0x00000007f0000000,0x00000007fcdc5528,0x00000007fd600000)
  from space 21504K, 17% used [0x00000007feb00000,0x00000007feebb9a0,0x0000000800000000)
  to   space 21504K, 0% used [0x00000007fd600000,0x00000007fd600000,0x00000007feb00000)
 ParOldGen       total 524288K, used 40768K [0x00000007d0000000, 0x00000007f0000000, 0x00000007f0000000)
  object space 524288K, 7% used [0x00000007d0000000,0x00000007d27d0360,0x00000007f0000000)
 PSPermGen       total 262144K, used 37358K [0x00000007c0000000, 0x00000007d0000000, 0x00000007d0000000)
  object space 262144K, 14% used [0x00000007c0000000,0x00000007c247b818,0x00000007d0000000)
Event: 10.220 GC heap after
Heap after GC invocations=15 (full 0):
 PSYoungGen      total 240640K, used 6955K [0x00000007f0000000, 0x0000000800000000, 0x0000000800000000)
  eden space 219136K, 0% used [0x00000007f0000000,0x00000007f0000000,0x00000007fd600000)
  from space 21504K, 32% used [0x00000007fd600000,0x00000007fdccae38,0x00000007feb00000)
  to   space 20992K, 0% used [0x00000007feb80000,0x00000007feb80000,0x0000000800000000)
 ParOldGen       total 524288K, used 43419K [0x00000007d0000000, 0x00000007f0000000, 0x00000007f0000000)
  object space 524288K, 8% used [0x00000007d0000000,0x00000007d2a66fe8,0x00000007f0000000)
 PSPermGen       total 262144K, used 37358K [0x00000007c0000000, 0x00000007d0000000, 0x00000007d0000000)
  object space 262144K, 14% used [0x00000007c0000000,0x00000007c247b818,0x00000007d0000000)
}
Event: 10.589 GC heap before
{Heap before GC invocations=16 (full 0):
 PSYoungGen      total 240640K, used 226091K [0x00000007f0000000, 0x0000000800000000, 0x0000000800000000)
  eden space 219136K, 100% used [0x00000007f0000000,0x00000007fd600000,0x00000007fd600000)
  from space 21504K, 32% used [0x00000007fd600000,0x00000007fdccae38,0x00000007feb00000)
  to   space 20992K, 0% used [0x00000007feb80000,0x00000007feb80000,0x0000000800000000)
 ParOldGen       total 524288K, used 43419K [0x00000007d0000000, 0x00000007f0000000, 0x00000007f0000000)
  object space 524288K, 8% used [0x00000007d0000000,0x00000007d2a66fe8,0x00000007f0000000)
 PSPermGen       total 262144K, used 39324K [0x00000007c0000000, 0x00000007d0000000, 0x00000007d0000000)
  object space 262144K, 15% used [0x00000007c0000000,0x00000007c2667148,0x00000007d0000000)
Event: 10.598 GC heap after
Heap after GC invocations=16 (full 0):
 PSYoungGen      total 241664K, used 5493K [0x00000007f0000000, 0x0000000800000000, 0x0000000800000000)
  eden space 220672K, 0% used [0x00000007f0000000,0x00000007f0000000,0x00000007fd780000)
  from space 20992K, 26% used [0x00000007feb80000,0x00000007ff0dd490,0x0000000800000000)
  to   space 20480K, 0% used [0x00000007fd780000,0x00000007fd780000,0x00000007feb80000)
 ParOldGen       total 524288K, used 48827K [0x00000007d0000000, 0x00000007f0000000, 0x00000007f0000000)
  object space 524288K, 9% used [0x00000007d0000000,0x00000007d2faec50,0x00000007f0000000)
 PSPermGen       total 262144K, used 39324K [0x00000007c0000000, 0x00000007d0000000, 0x00000007d0000000)
  object space 262144K, 15% used [0x00000007c0000000,0x00000007c2667148,0x00000007d0000000)
}
Event: 11.265 GC heap before
{Heap before GC invocations=17 (full 0):
 PSYoungGen      total 241664K, used 226165K [0x00000007f0000000, 0x0000000800000000, 0x0000000800000000)
  eden space 220672K, 100% used [0x00000007f0000000,0x00000007fd780000,0x00000007fd780000)
  from space 20992K, 26% used [0x00000007feb80000,0x00000007ff0dd490,0x0000000800000000)
  to   space 20480K, 0% used [0x00000007fd780000,0x00000007fd780000,0x00000007feb80000)
 ParOldGen       total 524288K, used 48827K [0x00000007d0000000, 0x00000007f0000000, 0x00000007f0000000)
  object space 524288K, 9% used [0x00000007d0000000,0x00000007d2faec50,0x00000007f0000000)
 PSPermGen       total 262144K, used 42932K [0x00000007c0000000, 0x00000007d0000000, 0x00000007d0000000)
  object space 262144K, 16% used [0x00000007c0000000,0x00000007c29ed238,0x00000007d0000000)
Event: 11.274 GC heap after
Heap after GC invocations=17 (full 0):
 PSYoungGen      total 241152K, used 9262K [0x00000007f0000000, 0x0000000800000000, 0x0000000800000000)
  eden space 220672K, 0% used [0x00000007f0000000,0x00000007f0000000,0x00000007fd780000)
  from space 20480K, 45% used [0x00000007fd780000,0x00000007fe08bb50,0x00000007feb80000)
  to   space 19456K, 0% used [0x00000007fed00000,0x00000007fed00000,0x0000000800000000)
 ParOldGen       total 524288K, used 53611K [0x00000007d0000000, 0x00000007f0000000, 0x00000007f0000000)
  object space 524288K, 10% used [0x00000007d0000000,0x00000007d345ac98,0x00000007f0000000)
 PSPermGen       total 262144K, used 42932K [0x00000007c0000000, 0x00000007d0000000, 0x00000007d0000000)
  object space 262144K, 16% used [0x00000007c0000000,0x00000007c29ed238,0x00000007d0000000)
}
Event: 26.851 GC heap before
{Heap before GC invocations=18 (full 0):
 PSYoungGen      total 241152K, used 229934K [0x00000007f0000000, 0x0000000800000000, 0x0000000800000000)
  eden space 220672K, 100% used [0x00000007f0000000,0x00000007fd780000,0x00000007fd780000)
  from space 20480K, 45% used [0x00000007fd780000,0x00000007fe08bb50,0x00000007feb80000)
  to   space 19456K, 0% used [0x00000007fed00000,0x00000007fed00000,0x0000000800000000)
 ParOldGen       total 524288K, used 53611K [0x00000007d0000000, 0x00000007f0000000, 0x00000007f0000000)
  object space 524288K, 10% used [0x00000007d0000000,0x00000007d345ac98,0x00000007f0000000)
 PSPermGen       total 262144K, used 44805K [0x00000007c0000000, 0x00000007d0000000, 0x00000007d0000000)
  object space 262144K, 17% used [0x00000007c0000000,0x00000007c2bc16a0,0x00000007d0000000)
Event: 26.862 GC heap after
Heap after GC invocations=18 (full 0):
 PSYoungGen      total 243200K, used 6429K [0x00000007f0000000, 0x0000000800000000, 0x0000000800000000)
  eden space 223744K, 0% used [0x00000007f0000000,0x00000007f0000000,0x00000007fda80000)
  from space 19456K, 33% used [0x00000007fed00000,0x00000007ff347698,0x0000000800000000)
  to   space 18944K, 0% used [0x00000007fda80000,0x00000007fda80000,0x00000007fed00000)
 ParOldGen       total 524288K, used 61625K [0x00000007d0000000, 0x00000007f0000000, 0x00000007f0000000)
  object space 524288K, 11% used [0x00000007d0000000,0x00000007d3c2e490,0x00000007f0000000)
 PSPermGen       total 262144K, used 44805K [0x00000007c0000000, 0x00000007d0000000, 0x00000007d0000000)
  object space 262144K, 17% used [0x00000007c0000000,0x00000007c2bc16a0,0x00000007d0000000)
}
Event: 186.559 GC heap before
{Heap before GC invocations=19 (full 0):
 PSYoungGen      total 243200K, used 230173K [0x00000007f0000000, 0x0000000800000000, 0x0000000800000000)
  eden space 223744K, 100% used [0x00000007f0000000,0x00000007fda80000,0x00000007fda80000)
  from space 19456K, 33% used [0x00000007fed00000,0x00000007ff347698,0x0000000800000000)
  to   space 18944K, 0% used [0x00000007fda80000,0x00000007fda80000,0x00000007fed00000)
 ParOldGen       total 524288K, used 61625K [0x00000007d0000000, 0x00000007f0000000, 0x00000007f0000000)
  object space 524288K, 11% used [0x00000007d0000000,0x00000007d3c2e490,0x00000007f0000000)
 PSPermGen       total 262144K, used 45776K [0x00000007c0000000, 0x00000007d0000000, 0x00000007d0000000)
  object space 262144K, 17% used [0x00000007c0000000,0x00000007c2cb4020,0x00000007d0000000)
Event: 186.569 GC heap after
Heap after GC invocations=19 (full 0):
 PSYoungGen      total 242688K, used 11135K [0x00000007f0000000, 0x0000000800000000, 0x0000000800000000)
  eden space 223744K, 0% used [0x00000007f0000000,0x00000007f0000000,0x00000007fda80000)
  from space 18944K, 58% used [0x00000007fda80000,0x00000007fe55fcf8,0x00000007fed00000)
  to   space 18944K, 0% used [0x00000007fed80000,0x00000007fed80000,0x0000000800000000)
 ParOldGen       total 524288K, used 66307K [0x00000007d0000000, 0x00000007f0000000, 0x00000007f0000000)
  object space 524288K, 12% used [0x00000007d0000000,0x00000007d40c0f70,0x00000007f0000000)
 PSPermGen       total 262144K, used 45776K [0x00000007c0000000, 0x00000007d0000000, 0x00000007d0000000)
  object space 262144K, 17% used [0x00000007c0000000,0x00000007c2cb4020,0x00000007d0000000)
}

